android/app/build/outputs/logs/manifest-merger-debug-report.txt
-- Merging decision tree log ---
manifest
ADDED from src/main/AndroidManifest.xml:1:1-39:12
INJECTED from src/main/AndroidManifest.xml:1:1-39:12
INJECTED from src/main/AndroidManifest.xml:1:1-39:12
INJECTED from src/main/AndroidManifest.xml:1:1-39:12
MERGED from [:react-native-svg] AndroidManifest.xml:2:1-9:12
MERGED from [:react-native-maps] AndroidManifest.xml:2:1-12:12
MERGED from [:react-native-reanimated] AndroidManifest.xml:2:1-11:12
MERGED from [:react-native-gesture-handler] AndroidManifest.xml:2:1-11:12
MERGED from [:expo-permissions] AndroidManifest.xml:2:1-11:12
MERGED from [com.facebook.react:react-native:0.59.8] AndroidManifest.xml:2:1-13:12
MERGED from [com.android.support:appcompat-v7:28.0.0] AndroidManifest.xml:17:1-22:12
MERGED from [:unimodules-react-native-adapter] AndroidManifest.xml:2:1-11:12
MERGED from [:expo-app-loader-provider] AndroidManifest.xml:2:1-11:12
MERGED from [:expo-constants] AndroidManifest.xml:2:1-11:12
MERGED from [:expo-file-system] AndroidManifest.xml:2:1-30:12
MERGED from [:expo-font] AndroidManifest.xml:2:1-11:12
MERGED from [:expo-keep-awake] AndroidManifest.xml:2:1-11:12
MERGED from [:expo-linear-gradient] AndroidManifest.xml:2:1-11:12
MERGED from [:expo-location] AndroidManifest.xml:2:1-21:12
MERGED from [:expo-sqlite] AndroidManifest.xml:2:1-11:12
MERGED from [:expo-web-browser] AndroidManifest.xml:2:1-11:12
MERGED from [:unimodules-barcode-scanner-interface] AndroidManifest.xml:2:1-11:12
MERGED from [:unimodules-camera-interface] AndroidManifest.xml:2:1-11:12
MERGED from [:unimodules-constants-interface] AndroidManifest.xml:2:1-11:12
MERGED from [:unimodules-face-detector-interface] AndroidManifest.xml:2:1-11:12
MERGED from [:unimodules-file-system-interface] AndroidManifest.xml:2:1-11:12
MERGED from [:unimodules-font-interface] AndroidManifest.xml:2:1-11:12
MERGED from [:unimodules-permissions-interface] AndroidManifest.xml:2:1-11:12
MERGED from [:unimodules-task-manager-interface] AndroidManifest.xml:2:1-11:12
MERGED from [:unimodules-core] AndroidManifest.xml:2:1-11:12
MERGED from [:unimodules-image-loader-interface] AndroidManifest.xml:2:1-11:12
MERGED from [:unimodules-sensors-interface] AndroidManifest.xml:2:1-11:12
MERGED from [com.google.android.gms:play-services-maps:16.1.0] AndroidManifest.xml:17:1-38:12
MERGED from [com.google.android.gms:play-services-location:16.0.0] AndroidManifest.xml:2:1-9:12
MERGED from [com.google.android.gms:play-services-base:16.1.0] AndroidManifest.xml:17:1-29:12
MERGED from [com.google.maps.android:android-maps-utils:0.5] AndroidManifest.xml:2:1-13:12
MERGED from [com.android.support:transition:28.0.0] AndroidManifest.xml:17:1-22:12
MERGED from [com.github.bumptech.glide:glide:4.9.0] AndroidManifest.xml:2:1-12:12
MERGED from [com.google.android.gms:play-services-tasks:16.0.1] AndroidManifest.xml:2:1-9:12
MERGED from [com.google.android.gms:play-services-places-placereport:16.0.0] AndroidManifest.xml:17:1-24:12
MERGED from [com.google.android.gms:play-services-basement:16.2.0] AndroidManifest.xml:17:1-28:12
MERGED from [com.android.support:support-v4:28.0.0] AndroidManifest.xml:17:1-22:12
MERGED from [com.android.support:support-fragment:28.0.0] AndroidManifest.xml:17:1-22:12
MERGED from [com.android.support:animated-vector-drawable:28.0.0] AndroidManifest.xml:17:1-22:12
MERGED from [com.android.support:customtabs:28.0.0] AndroidManifest.xml:17:1-22:12
MERGED from [com.android.support:support-core-ui:28.0.0] AndroidManifest.xml:17:1-22:12
MERGED from [com.android.support:support-core-utils:28.0.0] AndroidManifest.xml:17:1-22:12
MERGED from [com.android.support:support-vector-drawable:28.0.0] AndroidManifest.xml:17:1-22:12
MERGED from [com.android.support:loader:28.0.0] AndroidManifest.xml:17:1-22:12
MERGED from [com.android.support:support-media-compat:28.0.0] AndroidManifest.xml:17:1-22:12
MERGED from [com.android.support:viewpager:28.0.0] AndroidManifest.xml:17:1-22:12
MERGED from [com.android.support:coordinatorlayout:28.0.0] AndroidManifest.xml:17:1-22:12
MERGED from [com.android.support:drawerlayout:28.0.0] AndroidManifest.xml:17:1-22:12
MERGED from [com.android.support:slidingpanelayout:28.0.0] AndroidManifest.xml:17:1-22:12
MERGED from [com.android.support:customview:28.0.0] AndroidManifest.xml:17:1-22:12
MERGED from [com.android.support:swiperefreshlayout:28.0.0] AndroidManifest.xml:17:1-22:12
MERGED from [com.android.support:asynclayoutinflater:28.0.0] AndroidManifest.xml:17:1-22:12
MERGED from [com.android.support:support-compat:28.0.0] AndroidManifest.xml:17:1-24:12
MERGED from [com.android.support:versionedparcelable:28.0.0] AndroidManifest.xml:17:1-25:12
MERGED from [com.android.support:cursoradapter:28.0.0] AndroidManifest.xml:17:1-22:12
MERGED from [android.arch.lifecycle:runtime:1.1.1] AndroidManifest.xml:17:1-22:12
MERGED from [com.android.support:documentfile:28.0.0] AndroidManifest.xml:17:1-22:12
MERGED from [com.android.support:localbroadcastmanager:28.0.0] AndroidManifest.xml:17:1-22:12
MERGED from [com.android.support:print:28.0.0] AndroidManifest.xml:17:1-22:12
MERGED from [android.arch.lifecycle:viewmodel:1.1.1] AndroidManifest.xml:17:1-22:12
MERGED from [com.github.bumptech.glide:gifdecoder:4.9.0] AndroidManifest.xml:2:1-11:12
MERGED from [com.android.support:interpolator:28.0.0] AndroidManifest.xml:17:1-22:12
MERGED from [android.arch.lifecycle:livedata:1.1.1] AndroidManifest.xml:17:1-22:12
MERGED from [android.arch.lifecycle:livedata-core:1.1.1] AndroidManifest.xml:17:1-22:12
MERGED from [android.arch.core:runtime:1.1.1] AndroidManifest.xml:17:1-22:12
MERGED from [com.facebook.fresco:fresco:1.10.0] AndroidManifest.xml:2:1-9:12
MERGED from [com.facebook.fresco:imagepipeline-okhttp3:1.10.0] AndroidManifest.xml:2:1-9:12
MERGED from [com.facebook.fresco:drawee:1.10.0] AndroidManifest.xml:2:1-9:12
MERGED from [com.facebook.fresco:imagepipeline:1.10.0] AndroidManifest.xml:2:1-9:12
MERGED from [com.facebook.fresco:imagepipeline-base:1.10.0] AndroidManifest.xml:2:1-9:12
MERGED from [com.facebook.soloader:soloader:0.6.0] AndroidManifest.xml:2:1-13:12
MERGED from [io.nlopez.smartlocation:library:3.2.11] AndroidManifest.xml:2:1-30:12
MERGED from [com.facebook.fresco:fbcore:1.10.0] AndroidManifest.xml:2:1-9:12
INJECTED from src/main/AndroidManifest.xml:1:1-39:12
INJECTED from src/main/AndroidManifest.xml:1:1-39:12
INJECTED from src/main/AndroidManifest.xml:1:1-39:12
	package
		ADDED from src/main/AndroidManifest.xml:1:70-90
		INJECTED from src/main/AndroidManifest.xml
		INJECTED from src/main/AndroidManifest.xml
	android:versionName
		INJECTED from src/main/AndroidManifest.xml
		ADDED from src/main/AndroidManifest.xml:1:1-39:12
		INJECTED from src/main/AndroidManifest.xml
	android:versionCode
		INJECTED from src/main/AndroidManifest.xml
		ADDED from src/main/AndroidManifest.xml:1:1-39:12
		INJECTED from src/main/AndroidManifest.xml
	xmlns:android
		ADDED from src/main/AndroidManifest.xml:1:11-69
uses-permission#android.permission.INTERNET
ADDED from src/main/AndroidManifest.xml:3:3-65
MERGED from [:react-native-maps] AndroidManifest.xml:9:5-67
MERGED from [:react-native-maps] AndroidManifest.xml:9:5-67
MERGED from [:expo-file-system] AndroidManifest.xml:12:5-67
MERGED from [:expo-file-system] AndroidManifest.xml:12:5-67
MERGED from [com.google.android.gms:play-services-maps:16.1.0] AndroidManifest.xml:24:5-67
MERGED from [com.google.android.gms:play-services-maps:16.1.0] AndroidManifest.xml:24:5-67
	android:name
		ADDED from src/main/AndroidManifest.xml:3:20-62
uses-permission#android.permission.SYSTEM_ALERT_WINDOW
ADDED from src/main/AndroidManifest.xml:4:3-75
	android:name
		ADDED from src/main/AndroidManifest.xml:4:20-73
uses-permission#android.permission.MANAGE_DOCUMENTS
ADDED from src/main/AndroidManifest.xml:7:3-73
	android:name
		ADDED from src/main/AndroidManifest.xml:7:20-70
uses-permission#android.permission.READ_INTERNAL_STORAGE
ADDED from src/main/AndroidManifest.xml:8:3-78
	android:name
		ADDED from src/main/AndroidManifest.xml:8:20-75
uses-permission#android.permission.READ_PHONE_STATE
ADDED from src/main/AndroidManifest.xml:9:3-73
	android:name
		ADDED from src/main/AndroidManifest.xml:9:20-70
uses-permission#android.permission.USE_FINGERPRINT
ADDED from src/main/AndroidManifest.xml:10:3-72
	android:name
		ADDED from src/main/AndroidManifest.xml:10:20-69
uses-permission#android.permission.VIBRATE
ADDED from src/main/AndroidManifest.xml:11:3-64
	android:name
		ADDED from src/main/AndroidManifest.xml:11:20-61
uses-permission#android.permission.MODIFY_AUDIO_SETTINGS
ADDED from src/main/AndroidManifest.xml:12:3-78
	android:name
		ADDED from src/main/AndroidManifest.xml:12:20-75
uses-permission#android.permission.ACCESS_COARSE_LOCATION
ADDED from src/main/AndroidManifest.xml:15:3-79
MERGED from [:react-native-maps] AndroidManifest.xml:10:5-81
MERGED from [:react-native-maps] AndroidManifest.xml:10:5-81
MERGED from [:expo-location] AndroidManifest.xml:11:5-81
MERGED from [:expo-location] AndroidManifest.xml:11:5-81
MERGED from [io.nlopez.smartlocation:library:3.2.11] AndroidManifest.xml:12:5-81
MERGED from [io.nlopez.smartlocation:library:3.2.11] AndroidManifest.xml:12:5-81
	android:name
		ADDED from src/main/AndroidManifest.xml:15:20-76
uses-permission#android.permission.CAMERA
ADDED from src/main/AndroidManifest.xml:17:3-63
	android:name
		ADDED from src/main/AndroidManifest.xml:17:20-60
uses-permission#android.permission.READ_CONTACTS
ADDED from src/main/AndroidManifest.xml:18:3-70
	android:name
		ADDED from src/main/AndroidManifest.xml:18:20-67
uses-permission#android.permission.READ_CALENDAR
ADDED from src/main/AndroidManifest.xml:19:3-70
	android:name
		ADDED from src/main/AndroidManifest.xml:19:20-67
uses-permission#android.permission.WRITE_CALENDAR
ADDED from src/main/AndroidManifest.xml:20:3-71
	android:name
		ADDED from src/main/AndroidManifest.xml:20:20-68
uses-permission#android.permission.READ_EXTERNAL_STORAGE
ADDED from src/main/AndroidManifest.xml:21:3-78
MERGED from [:expo-file-system] AndroidManifest.xml:14:5-80
MERGED from [:expo-file-system] AndroidManifest.xml:14:5-80
	android:name
		ADDED from src/main/AndroidManifest.xml:21:20-75
uses-permission#android.permission.RECORD_AUDIO
ADDED from src/main/AndroidManifest.xml:22:3-69
	android:name
		ADDED from src/main/AndroidManifest.xml:22:20-66
uses-permission#android.permission.WRITE_EXTERNAL_STORAGE
ADDED from src/main/AndroidManifest.xml:23:3-79
MERGED from [:expo-file-system] AndroidManifest.xml:13:5-81
MERGED from [:expo-file-system] AndroidManifest.xml:13:5-81
	android:name
		ADDED from src/main/AndroidManifest.xml:23:20-76
uses-permission#android.permission.WRITE_SETTINGS
ADDED from src/main/AndroidManifest.xml:24:3-71
	android:name
		ADDED from src/main/AndroidManifest.xml:24:20-68
application
ADDED from src/main/AndroidManifest.xml:27:3-36:17
MERGED from [com.facebook.react:react-native:0.59.8] AndroidManifest.xml:11:5-20
MERGED from [com.facebook.react:react-native:0.59.8] AndroidManifest.xml:11:5-20
MERGED from [:expo-file-system] AndroidManifest.xml:17:5-28:19
MERGED from [:expo-file-system] AndroidManifest.xml:17:5-28:19
MERGED from [:expo-location] AndroidManifest.xml:15:5-19:19
MERGED from [:expo-location] AndroidManifest.xml:15:5-19:19
MERGED from [com.google.android.gms:play-services-maps:16.1.0] AndroidManifest.xml:30:5-36:19
MERGED from [com.google.android.gms:play-services-maps:16.1.0] AndroidManifest.xml:30:5-36:19
MERGED from [com.google.android.gms:play-services-location:16.0.0] AndroidManifest.xml:7:5-20
MERGED from [com.google.android.gms:play-services-location:16.0.0] AndroidManifest.xml:7:5-20
MERGED from [com.google.android.gms:play-services-base:16.1.0] AndroidManifest.xml:22:5-27:19
MERGED from [com.google.android.gms:play-services-base:16.1.0] AndroidManifest.xml:22:5-27:19
MERGED from [com.google.maps.android:android-maps-utils:0.5] AndroidManifest.xml:7:5-11:19
MERGED from [com.google.maps.android:android-maps-utils:0.5] AndroidManifest.xml:7:5-11:19
MERGED from [com.github.bumptech.glide:glide:4.9.0] AndroidManifest.xml:10:5-20
MERGED from [com.github.bumptech.glide:glide:4.9.0] AndroidManifest.xml:10:5-20
MERGED from [com.google.android.gms:play-services-tasks:16.0.1] AndroidManifest.xml:7:5-20
MERGED from [com.google.android.gms:play-services-tasks:16.0.1] AndroidManifest.xml:7:5-20
MERGED from [com.google.android.gms:play-services-places-placereport:16.0.0] AndroidManifest.xml:22:5-20
MERGED from [com.google.android.gms:play-services-places-placereport:16.0.0] AndroidManifest.xml:22:5-20
MERGED from [com.google.android.gms:play-services-basement:16.2.0] AndroidManifest.xml:22:5-26:19
MERGED from [com.google.android.gms:play-services-basement:16.2.0] AndroidManifest.xml:22:5-26:19
MERGED from [com.android.support:support-compat:28.0.0] AndroidManifest.xml:22:5-94
MERGED from [com.android.support:support-compat:28.0.0] AndroidManifest.xml:22:5-94
MERGED from [com.android.support:versionedparcelable:28.0.0] AndroidManifest.xml:22:5-23:19
MERGED from [com.android.support:versionedparcelable:28.0.0] AndroidManifest.xml:22:5-23:19
MERGED from [com.github.bumptech.glide:gifdecoder:4.9.0] AndroidManifest.xml:9:5-20
MERGED from [com.github.bumptech.glide:gifdecoder:4.9.0] AndroidManifest.xml:9:5-20
MERGED from [com.facebook.soloader:soloader:0.6.0] AndroidManifest.xml:11:5-20
MERGED from [com.facebook.soloader:soloader:0.6.0] AndroidManifest.xml:11:5-20
MERGED from [io.nlopez.smartlocation:library:3.2.11] AndroidManifest.xml:18:5-28:19
MERGED from [io.nlopez.smartlocation:library:3.2.11] AndroidManifest.xml:18:5-28:19
	android:appComponentFactory
		ADDED from [com.android.support:support-compat:28.0.0] AndroidManifest.xml:22:18-91
	android:label
		ADDED from src/main/AndroidManifest.xml:27:48-80
	android:roundIcon
		ADDED from src/main/AndroidManifest.xml:27:116-161
	android:icon
		ADDED from src/main/AndroidManifest.xml:27:81-115
	android:allowBackup
		ADDED from src/main/AndroidManifest.xml:27:162-189
	android:theme
		ADDED from src/main/AndroidManifest.xml:27:190-221
	android:name
		ADDED from src/main/AndroidManifest.xml:27:16-47
meta-data#com.google.android.geo.API_KEY
ADDED from src/main/AndroidManifest.xml:28:5-119
	android:value
		ADDED from src/main/AndroidManifest.xml:28:62-117
	android:name
		ADDED from src/main/AndroidManifest.xml:28:16-61
activity#com.captor.MainActivity
ADDED from src/main/AndroidManifest.xml:29:5-34:16
	android:label
		ADDED from src/main/AndroidManifest.xml:29:44-76
	android:windowSoftInputMode
		ADDED from src/main/AndroidManifest.xml:29:148-190
	android:configChanges
		ADDED from src/main/AndroidManifest.xml:29:77-147
	android:name
		ADDED from src/main/AndroidManifest.xml:29:15-43
intent-filter#action:name:android.intent.action.MAIN+category:name:android.intent.category.LAUNCHER
ADDED from src/main/AndroidManifest.xml:30:7-33:23
action#android.intent.action.MAIN
ADDED from src/main/AndroidManifest.xml:31:9-61
	android:name
		ADDED from src/main/AndroidManifest.xml:31:17-58
category#android.intent.category.LAUNCHER
ADDED from src/main/AndroidManifest.xml:32:9-69
	android:name
		ADDED from src/main/AndroidManifest.xml:32:19-66
activity#com.facebook.react.devsupport.DevSettingsActivity
ADDED from src/main/AndroidManifest.xml:35:5-82
	android:name
		ADDED from src/main/AndroidManifest.xml:35:15-79
uses-permission#android.permission.ACCESS_FINE_LOCATION
ADDED from src/main/AndroidManifest.xml:37:3-77
MERGED from [:expo-location] AndroidManifest.xml:12:5-79
MERGED from [:expo-location] AndroidManifest.xml:12:5-79
MERGED from [io.nlopez.smartlocation:library:3.2.11] AndroidManifest.xml:14:5-79
MERGED from [io.nlopez.smartlocation:library:3.2.11] AndroidManifest.xml:14:5-79
	android:name
		ADDED from src/main/AndroidManifest.xml:37:20-74
uses-sdk
INJECTED from src/main/AndroidManifest.xml reason: use-sdk injection requested
INJECTED from src/main/AndroidManifest.xml
INJECTED from src/main/AndroidManifest.xml
MERGED from [:react-native-svg] AndroidManifest.xml:5:5-7:41
MERGED from [:react-native-svg] AndroidManifest.xml:5:5-7:41
MERGED from [:react-native-maps] AndroidManifest.xml:5:5-7:41
MERGED from [:react-native-maps] AndroidManifest.xml:5:5-7:41
MERGED from [:react-native-reanimated] AndroidManifest.xml:7:5-9:41
MERGED from [:react-native-reanimated] AndroidManifest.xml:7:5-9:41
MERGED from [:react-native-gesture-handler] AndroidManifest.xml:7:5-9:41
MERGED from [:react-native-gesture-handler] AndroidManifest.xml:7:5-9:41
MERGED from [:expo-permissions] AndroidManifest.xml:7:5-9:41
MERGED from [:expo-permissions] AndroidManifest.xml:7:5-9:41
MERGED from [com.facebook.react:react-native:0.59.8] AndroidManifest.xml:7:5-9:41
MERGED from [com.facebook.react:react-native:0.59.8] AndroidManifest.xml:7:5-9:41
MERGED from [com.android.support:appcompat-v7:28.0.0] AndroidManifest.xml:20:5-44
MERGED from [com.android.support:appcompat-v7:28.0.0] AndroidManifest.xml:20:5-44
MERGED from [:unimodules-react-native-adapter] AndroidManifest.xml:7:5-9:41
MERGED from [:unimodules-react-native-adapter] AndroidManifest.xml:7:5-9:41
MERGED from [:expo-app-loader-provider] AndroidManifest.xml:7:5-9:41
MERGED from [:expo-app-loader-provider] AndroidManifest.xml:7:5-9:41
MERGED from [:expo-constants] AndroidManifest.xml:7:5-9:41
MERGED from [:expo-constants] AndroidManifest.xml:7:5-9:41
MERGED from [:expo-file-system] AndroidManifest.xml:8:5-10:41
MERGED from [:expo-file-system] AndroidManifest.xml:8:5-10:41
MERGED from [:expo-font] AndroidManifest.xml:7:5-9:41
MERGED from [:expo-font] AndroidManifest.xml:7:5-9:41
MERGED from [:expo-keep-awake] AndroidManifest.xml:7:5-9:41
MERGED from [:expo-keep-awake] AndroidManifest.xml:7:5-9:41
MERGED from [:expo-linear-gradient] AndroidManifest.xml:7:5-9:41
MERGED from [:expo-linear-gradient] AndroidManifest.xml:7:5-9:41
MERGED from [:expo-location] AndroidManifest.xml:7:5-9:41
MERGED from [:expo-location] AndroidManifest.xml:7:5-9:41
MERGED from [:expo-sqlite] AndroidManifest.xml:7:5-9:41
MERGED from [:expo-sqlite] AndroidManifest.xml:7:5-9:41
MERGED from [:expo-web-browser] AndroidManifest.xml:7:5-9:41
MERGED from [:expo-web-browser] AndroidManifest.xml:7:5-9:41
MERGED from [:unimodules-barcode-scanner-interface] AndroidManifest.xml:7:5-9:41
MERGED from [:unimodules-barcode-scanner-interface] AndroidManifest.xml:7:5-9:41
MERGED from [:unimodules-camera-interface] AndroidManifest.xml:7:5-9:41
MERGED from [:unimodules-camera-interface] AndroidManifest.xml:7:5-9:41
MERGED from [:unimodules-constants-interface] AndroidManifest.xml:7:5-9:41
MERGED from [:unimodules-constants-interface] AndroidManifest.xml:7:5-9:41
MERGED from [:unimodules-face-detector-interface] AndroidManifest.xml:7:5-9:41
MERGED from [:unimodules-face-detector-interface] AndroidManifest.xml:7:5-9:41
MERGED from [:unimodules-file-system-interface] AndroidManifest.xml:7:5-9:41
MERGED from [:unimodules-file-system-interface] AndroidManifest.xml:7:5-9:41
MERGED from [:unimodules-font-interface] AndroidManifest.xml:7:5-9:41
MERGED from [:unimodules-font-interface] AndroidManifest.xml:7:5-9:41
MERGED from [:unimodules-permissions-interface] AndroidManifest.xml:7:5-9:41
MERGED from [:unimodules-permissions-interface] AndroidManifest.xml:7:5-9:41
MERGED from [:unimodules-task-manager-interface] AndroidManifest.xml:7:5-9:41
MERGED from [:unimodules-task-manager-interface] AndroidManifest.xml:7:5-9:41
MERGED from [:unimodules-core] AndroidManifest.xml:7:5-9:41
MERGED from [:unimodules-core] AndroidManifest.xml:7:5-9:41
MERGED from [:unimodules-image-loader-interface] AndroidManifest.xml:7:5-9:41
MERGED from [:unimodules-image-loader-interface] AndroidManifest.xml:7:5-9:41
MERGED from [:unimodules-sensors-interface] AndroidManifest.xml:7:5-9:41
MERGED from [:unimodules-sensors-interface] AndroidManifest.xml:7:5-9:41
MERGED from [com.google.android.gms:play-services-maps:16.1.0] AndroidManifest.xml:20:5-44
MERGED from [com.google.android.gms:play-services-maps:16.1.0] AndroidManifest.xml:20:5-44
MERGED from [com.google.android.gms:play-services-location:16.0.0] AndroidManifest.xml:5:5-44
MERGED from [com.google.android.gms:play-services-location:16.0.0] AndroidManifest.xml:5:5-44
MERGED from [com.google.android.gms:play-services-base:16.1.0] AndroidManifest.xml:20:5-44
MERGED from [com.google.android.gms:play-services-base:16.1.0] AndroidManifest.xml:20:5-44
MERGED from [com.google.maps.android:android-maps-utils:0.5] AndroidManifest.xml:5:5-43
MERGED from [com.google.maps.android:android-maps-utils:0.5] AndroidManifest.xml:5:5-43
MERGED from [com.android.support:transition:28.0.0] AndroidManifest.xml:20:5-44
MERGED from [com.android.support:transition:28.0.0] AndroidManifest.xml:20:5-44
MERGED from [com.github.bumptech.glide:glide:4.9.0] AndroidManifest.xml:6:5-8:41
MERGED from [com.github.bumptech.glide:glide:4.9.0] AndroidManifest.xml:6:5-8:41
MERGED from [com.google.android.gms:play-services-tasks:16.0.1] AndroidManifest.xml:5:5-44
MERGED from [com.google.android.gms:play-services-tasks:16.0.1] AndroidManifest.xml:5:5-44
MERGED from [com.google.android.gms:play-services-places-placereport:16.0.0] AndroidManifest.xml:20:5-44
MERGED from [com.google.android.gms:play-services-places-placereport:16.0.0] AndroidManifest.xml:20:5-44
MERGED from [com.google.android.gms:play-services-basement:16.2.0] AndroidManifest.xml:20:5-44
MERGED from [com.google.android.gms:play-services-basement:16.2.0] AndroidManifest.xml:20:5-44
MERGED from [com.android.support:support-v4:28.0.0] AndroidManifest.xml:20:5-44
MERGED from [com.android.support:support-v4:28.0.0] AndroidManifest.xml:20:5-44
MERGED from [com.android.support:support-fragment:28.0.0] AndroidManifest.xml:20:5-44
MERGED from [com.android.support:support-fragment:28.0.0] AndroidManifest.xml:20:5-44
MERGED from [com.android.support:animated-vector-drawable:28.0.0] AndroidManifest.xml:20:5-44
MERGED from [com.android.support:animated-vector-drawable:28.0.0] AndroidManifest.xml:20:5-44
MERGED from [com.android.support:customtabs:28.0.0] AndroidManifest.xml:20:5-44
MERGED from [com.android.support:customtabs:28.0.0] AndroidManifest.xml:20:5-44
MERGED from [com.android.support:support-core-ui:28.0.0] AndroidManifest.xml:20:5-44
MERGED from [com.android.support:support-core-ui:28.0.0] AndroidManifest.xml:20:5-44
MERGED from [com.android.support:support-core-utils:28.0.0] AndroidManifest.xml:20:5-44
MERGED from [com.android.support:support-core-utils:28.0.0] AndroidManifest.xml:20:5-44
MERGED from [com.android.support:support-vector-drawable:28.0.0] AndroidManifest.xml:20:5-44
MERGED from [com.android.support:support-vector-drawable:28.0.0] AndroidManifest.xml:20:5-44
MERGED from [com.android.support:loader:28.0.0] AndroidManifest.xml:20:5-44
MERGED from [com.android.support:loader:28.0.0] AndroidManifest.xml:20:5-44
MERGED from [com.android.support:support-media-compat:28.0.0] AndroidManifest.xml:20:5-44
MERGED from [com.android.support:support-media-compat:28.0.0] AndroidManifest.xml:20:5-44
MERGED from [com.android.support:viewpager:28.0.0] AndroidManifest.xml:20:5-44
MERGED from [com.android.support:viewpager:28.0.0] AndroidManifest.xml:20:5-44
MERGED from [com.android.support:coordinatorlayout:28.0.0] AndroidManifest.xml:20:5-44
MERGED from [com.android.support:coordinatorlayout:28.0.0] AndroidManifest.xml:20:5-44
MERGED from [com.android.support:drawerlayout:28.0.0] AndroidManifest.xml:20:5-44
MERGED from [com.android.support:drawerlayout:28.0.0] AndroidManifest.xml:20:5-44
MERGED from [com.android.support:slidingpanelayout:28.0.0] AndroidManifest.xml:20:5-44
MERGED from [com.android.support:slidingpanelayout:28.0.0] AndroidManifest.xml:20:5-44
MERGED from [com.android.support:customview:28.0.0] AndroidManifest.xml:20:5-44
MERGED from [com.android.support:customview:28.0.0] AndroidManifest.xml:20:5-44
MERGED from [com.android.support:swiperefreshlayout:28.0.0] AndroidManifest.xml:20:5-44
MERGED from [com.android.support:swiperefreshlayout:28.0.0] AndroidManifest.xml:20:5-44
MERGED from [com.android.support:asynclayoutinflater:28.0.0] AndroidManifest.xml:20:5-44
MERGED from [com.android.support:asynclayoutinflater:28.0.0] AndroidManifest.xml:20:5-44
MERGED from [com.android.support:support-compat:28.0.0] AndroidManifest.xml:20:5-44
MERGED from [com.android.support:support-compat:28.0.0] AndroidManifest.xml:20:5-44
MERGED from [com.android.support:versionedparcelable:28.0.0] AndroidManifest.xml:20:5-44
MERGED from [com.android.support:versionedparcelable:28.0.0] AndroidManifest.xml:20:5-44
MERGED from [com.android.support:cursoradapter:28.0.0] AndroidManifest.xml:20:5-44
MERGED from [com.android.support:cursoradapter:28.0.0] AndroidManifest.xml:20:5-44
MERGED from [android.arch.lifecycle:runtime:1.1.1] AndroidManifest.xml:20:5-44
MERGED from [android.arch.lifecycle:runtime:1.1.1] AndroidManifest.xml:20:5-44
MERGED from [com.android.support:documentfile:28.0.0] AndroidManifest.xml:20:5-44
MERGED from [com.android.support:documentfile:28.0.0] AndroidManifest.xml:20:5-44
MERGED from [com.android.support:localbroadcastmanager:28.0.0] AndroidManifest.xml:20:5-44
MERGED from [com.android.support:localbroadcastmanager:28.0.0] AndroidManifest.xml:20:5-44
MERGED from [com.android.support:print:28.0.0] AndroidManifest.xml:20:5-44
MERGED from [com.android.support:print:28.0.0] AndroidManifest.xml:20:5-44
MERGED from [android.arch.lifecycle:viewmodel:1.1.1] AndroidManifest.xml:20:5-44
MERGED from [android.arch.lifecycle:viewmodel:1.1.1] AndroidManifest.xml:20:5-44
MERGED from [com.github.bumptech.glide:gifdecoder:4.9.0] AndroidManifest.xml:5:5-7:41
MERGED from [com.github.bumptech.glide:gifdecoder:4.9.0] AndroidManifest.xml:5:5-7:41
MERGED from [com.android.support:interpolator:28.0.0] AndroidManifest.xml:20:5-44
MERGED from [com.android.support:interpolator:28.0.0] AndroidManifest.xml:20:5-44
MERGED from [android.arch.lifecycle:livedata:1.1.1] AndroidManifest.xml:20:5-44
MERGED from [android.arch.lifecycle:livedata:1.1.1] AndroidManifest.xml:20:5-44
MERGED from [android.arch.lifecycle:livedata-core:1.1.1] AndroidManifest.xml:20:5-44
MERGED from [android.arch.lifecycle:livedata-core:1.1.1] AndroidManifest.xml:20:5-44
MERGED from [android.arch.core:runtime:1.1.1] AndroidManifest.xml:20:5-44
MERGED from [android.arch.core:runtime:1.1.1] AndroidManifest.xml:20:5-44
MERGED from [com.facebook.fresco:fresco:1.10.0] AndroidManifest.xml:5:5-7:41
MERGED from [com.facebook.fresco:fresco:1.10.0] AndroidManifest.xml:5:5-7:41
MERGED from [com.facebook.fresco:imagepipeline-okhttp3:1.10.0] AndroidManifest.xml:5:5-7:41
MERGED from [com.facebook.fresco:imagepipeline-okhttp3:1.10.0] AndroidManifest.xml:5:5-7:41
MERGED from [com.facebook.fresco:drawee:1.10.0] AndroidManifest.xml:5:5-7:41
MERGED from [com.facebook.fresco:drawee:1.10.0] AndroidManifest.xml:5:5-7:41
MERGED from [com.facebook.fresco:imagepipeline:1.10.0] AndroidManifest.xml:5:5-7:41
MERGED from [com.facebook.fresco:imagepipeline:1.10.0] AndroidManifest.xml:5:5-7:41
MERGED from [com.facebook.fresco:imagepipeline-base:1.10.0] AndroidManifest.xml:5:5-7:41
MERGED from [com.facebook.fresco:imagepipeline-base:1.10.0] AndroidManifest.xml:5:5-7:41
MERGED from [com.facebook.soloader:soloader:0.6.0] AndroidManifest.xml:7:5-9:41
MERGED from [com.facebook.soloader:soloader:0.6.0] AndroidManifest.xml:7:5-9:41
MERGED from [io.nlopez.smartlocation:library:3.2.11] AndroidManifest.xml:8:5-10:41
MERGED from [io.nlopez.smartlocation:library:3.2.11] AndroidManifest.xml:8:5-10:41
MERGED from [com.facebook.fresco:fbcore:1.10.0] AndroidManifest.xml:5:5-7:41
MERGED from [com.facebook.fresco:fbcore:1.10.0] AndroidManifest.xml:5:5-7:41
INJECTED from src/main/AndroidManifest.xml
INJECTED from src/main/AndroidManifest.xml
	android:targetSdkVersion
		INJECTED from src/main/AndroidManifest.xml
		ADDED from src/main/AndroidManifest.xml
		INJECTED from src/main/AndroidManifest.xml
	android:minSdkVersion
		INJECTED from src/main/AndroidManifest.xml
		ADDED from src/main/AndroidManifest.xml
		INJECTED from src/main/AndroidManifest.xml
uses-permission#android.permission.STORAGE
ADDED from [:expo-file-system] AndroidManifest.xml:15:5-66
	android:name
		ADDED from [:expo-file-system] AndroidManifest.xml:15:22-63
provider#expo.modules.filesystem.FileSystemFileProvider
ADDED from [:expo-file-system] AndroidManifest.xml:18:9-27:20
	android:grantUriPermissions
		ADDED from [:expo-file-system] AndroidManifest.xml:22:13-47
	android:authorities
		ADDED from [:expo-file-system] AndroidManifest.xml:20:13-74
	android:exported
		ADDED from [:expo-file-system] AndroidManifest.xml:21:13-37
	tools:replace
		ADDED from [:expo-file-system] AndroidManifest.xml:23:13-48
	android:name
		ADDED from [:expo-file-system] AndroidManifest.xml:19:13-74
meta-data#android.support.FILE_PROVIDER_PATHS
ADDED from [:expo-file-system] AndroidManifest.xml:24:13-26:70
	android:resource
		ADDED from [:expo-file-system] AndroidManifest.xml:26:17-67
	android:name
		ADDED from [:expo-file-system] AndroidManifest.xml:25:17-67
uses-permission#android.permission.FOREGROUND_SERVICE
ADDED from [:expo-location] AndroidManifest.xml:13:5-77
	android:name
		ADDED from [:expo-location] AndroidManifest.xml:13:22-74
service#expo.modules.location.services.LocationTaskService
ADDED from [:expo-location] AndroidManifest.xml:16:9-18:40
	android:exported
		ADDED from [:expo-location] AndroidManifest.xml:18:13-37
	android:name
		ADDED from [:expo-location] AndroidManifest.xml:17:13-78
uses-permission#android.permission.ACCESS_NETWORK_STATE
ADDED from [com.google.android.gms:play-services-maps:16.1.0] AndroidManifest.xml:23:5-79
MERGED from [io.nlopez.smartlocation:library:3.2.11] AndroidManifest.xml:13:5-79
MERGED from [io.nlopez.smartlocation:library:3.2.11] AndroidManifest.xml:13:5-79
	android:name
		ADDED from [com.google.android.gms:play-services-maps:16.1.0] AndroidManifest.xml:23:22-76
uses-feature#0x00020000
ADDED from [com.google.android.gms:play-services-maps:16.1.0] AndroidManifest.xml:26:5-28:35
	android:glEsVersion